<?xml version="1.0" encoding="UTF-8"?>
<!-- Generated by org.testng.reporters.JUnitReportReporter -->
<testsuite hostname="gularas-air.lan" failures="0" tests="4" name="com.nopcommerce.tests.HomePageTest" time="0.462" errors="0" timestamp="2022-02-17T21:52:40 PST" skipped="0">
  <testcase classname="com.nopcommerce.tests.HomePageTest" name="validatePageTitleTest" time="0.096"/>
  <system-out/>
  <testcase classname="com.nopcommerce.tests.HomePageTest" name="verifyLogoTest" time="0.097"/>
  <system-out/>
  <testcase classname="com.nopcommerce.tests.HomePageTest" name="verifyRegisterLinkTest" time="0.083"/>
  <system-out/>
  <testcase classname="com.nopcommerce.tests.HomePageTest" name="verifyLoginLinkTest" time="0.186"/>
  <system-out/>
</testsuite> <!-- com.nopcommerce.tests.HomePageTest -->
