<?xml version="1.0" encoding="UTF-8"?>
<!-- Generated by org.testng.reporters.JUnitReportReporter -->
<testsuite hostname="gularas-air.lan" failures="0" tests="1" name="com.nopcommerce.tests.RegisterPageTest" time="6.802" errors="0" timestamp="2022-02-17T21:52:40 PST" skipped="0">
  <testcase classname="com.nopcommerce.tests.RegisterPageTest" name="registerNewUserTest" time="6.802"/>
  <system-out/>
</testsuite> <!-- com.nopcommerce.tests.RegisterPageTest -->
