<?xml version="1.0" encoding="UTF-8"?>
<!-- Generated by org.testng.reporters.JUnitReportReporter -->
<testsuite hostname="gularas-air.lan" failures="0" tests="3" name="com.nopcommerce.tests.SearchPageTest" time="4.023" errors="0" timestamp="2022-02-17T21:52:40 PST" skipped="0">
  <testcase classname="com.nopcommerce.tests.SearchPageTest" name="verifySearchpageNameTest" time="0.895"/>
  <system-out/>
  <testcase classname="com.nopcommerce.tests.SearchPageTest" name="verifymanufactureDropdownListTest" time="1.730"/>
  <system-out/>
  <testcase classname="com.nopcommerce.tests.SearchPageTest" name="validateCategoryListTest" time="1.398"/>
  <system-out/>
</testsuite> <!-- com.nopcommerce.tests.SearchPageTest -->
