<?xml version="1.0" encoding="UTF-8"?>
<!-- Generated by org.testng.reporters.JUnitReportReporter -->
<testsuite hostname="gularas-air.lan" failures="0" tests="3" name="com.nopcommerce.tests.LoginPageTest" time="4.182" errors="0" timestamp="2022-02-17T21:52:40 PST" skipped="0">
  <testcase classname="com.nopcommerce.tests.LoginPageTest" name="verifyLoginPageNameTest" time="0.181"/>
  <system-out/>
  <testcase classname="com.nopcommerce.tests.LoginPageTest" name="verifyRegisterButtonStatus" time="0.247"/>
  <system-out/>
  <testcase classname="com.nopcommerce.tests.LoginPageTest" name="validateUserLoginTest" time="3.754"/>
  <system-out/>
</testsuite> <!-- com.nopcommerce.tests.LoginPageTest -->
